<?xml version="1.0" encoding="UTF-8"?>
<testsuite xmlns:xsi="http://www.w3.org/2001/XMLSchema-instance" xsi:noNamespaceSchemaLocation="https://maven.apache.org/surefire/maven-surefire-plugin/xsd/surefire-test-report.xsd" name="TestSuite" time="130.862" tests="42" errors="0" skipped="1" failures="36">
  <properties>
    <property name="java.specification.version" value="14"/>
    <property name="sun.cpu.isalist" value="amd64"/>
    <property name="sun.jnu.encoding" value="Cp1252"/>
    <property name="java.class.path" value="C:\Payal_Office\GIT\apptnt-tester\target\test-classes;C:\Payal_Office\GIT\apptnt-tester\target\classes;C:\Users\plver\.m2\repository\io\rest-assured\rest-assured\4.3.0\rest-assured-4.3.0.jar;C:\Users\plver\.m2\repository\org\codehaus\groovy\groovy\3.0.2\groovy-3.0.2.jar;C:\Users\plver\.m2\repository\org\codehaus\groovy\groovy-xml\3.0.2\groovy-xml-3.0.2.jar;C:\Users\plver\.m2\repository\org\apache\httpcomponents\httpclient\4.5.3\httpclient-4.5.3.jar;C:\Users\plver\.m2\repository\org\apache\httpcomponents\httpcore\4.4.6\httpcore-4.4.6.jar;C:\Users\plver\.m2\repository\commons-logging\commons-logging\1.2\commons-logging-1.2.jar;C:\Users\plver\.m2\repository\commons-codec\commons-codec\1.9\commons-codec-1.9.jar;C:\Users\plver\.m2\repository\org\apache\httpcomponents\httpmime\4.5.3\httpmime-4.5.3.jar;C:\Users\plver\.m2\repository\org\hamcrest\hamcrest\2.1\hamcrest-2.1.jar;C:\Users\plver\.m2\repository\org\ccil\cowan\tagsoup\tagsoup\1.2.1\tagsoup-1.2.1.jar;C:\Users\plver\.m2\repository\io\rest-assured\json-path\4.3.0\json-path-4.3.0.jar;C:\Users\plver\.m2\repository\org\codehaus\groovy\groovy-json\3.0.2\groovy-json-3.0.2.jar;C:\Users\plver\.m2\repository\io\rest-assured\rest-assured-common\4.3.0\rest-assured-common-4.3.0.jar;C:\Users\plver\.m2\repository\io\rest-assured\xml-path\4.3.0\xml-path-4.3.0.jar;C:\Users\plver\.m2\repository\org\apache\commons\commons-lang3\3.4\commons-lang3-3.4.jar;C:\Users\plver\.m2\repository\jakarta\xml\bind\jakarta.xml.bind-api\2.3.2\jakarta.xml.bind-api-2.3.2.jar;C:\Users\plver\.m2\repository\jakarta\activation\jakarta.activation-api\1.2.1\jakarta.activation-api-1.2.1.jar;C:\Users\plver\.m2\repository\com\sun\xml\bind\jaxb-osgi\2.3.0.1\jaxb-osgi-2.3.0.1.jar;C:\Users\plver\.m2\repository\org\apache\sling\org.apache.sling.javax.activation\0.1.0\org.apache.sling.javax.activation-0.1.0.jar;C:\Users\plver\.m2\repository\org\testng\testng\7.1.0\testng-7.1.0.jar;C:\Users\plver\.m2\repository\com\beust\jcommander\1.72\jcommander-1.72.jar;C:\Users\plver\.m2\repository\com\google\inject\guice\4.1.0\guice-4.1.0-no_aop.jar;C:\Users\plver\.m2\repository\javax\inject\javax.inject\1\javax.inject-1.jar;C:\Users\plver\.m2\repository\aopalliance\aopalliance\1.0\aopalliance-1.0.jar;C:\Users\plver\.m2\repository\com\google\guava\guava\19.0\guava-19.0.jar;C:\Users\plver\.m2\repository\org\yaml\snakeyaml\1.21\snakeyaml-1.21.jar;C:\Users\plver\.m2\repository\com\fasterxml\jackson\core\jackson-databind\2.9.5\jackson-databind-2.9.5.jar;C:\Users\plver\.m2\repository\com\fasterxml\jackson\core\jackson-annotations\2.9.0\jackson-annotations-2.9.0.jar;C:\Users\plver\.m2\repository\com\fasterxml\jackson\core\jackson-core\2.9.5\jackson-core-2.9.5.jar;C:\Users\plver\.m2\repository\javax\mail\mail\1.5.0-b01\mail-1.5.0-b01.jar;C:\Users\plver\.m2\repository\javax\activation\activation\1.1\activation-1.1.jar;C:\Users\plver\.m2\repository\commons-io\commons-io\2.4\commons-io-2.4.jar;C:\Users\plver\.m2\repository\org\apache\maven\surefire\surefire-testng-utils\2.21.0\surefire-testng-utils-2.21.0.jar;C:\Users\plver\.m2\repository\org\apache\maven\surefire\surefire-grouper\2.21.0\surefire-grouper-2.21.0.jar;"/>
    <property name="java.vm.vendor" value="Oracle Corporation"/>
    <property name="sun.arch.data.model" value="64"/>
    <property name="user.variant" value=""/>
    <property name="java.vendor.url" value="https://java.oracle.com/"/>
    <property name="os.name" value="Windows 10"/>
    <property name="java.vm.specification.version" value="14"/>
    <property name="sun.java.launcher" value="SUN_STANDARD"/>
    <property name="user.country" value="IN"/>
    <property name="sun.boot.library.path" value="C:\Program Files\Java\jdk-14.0.2\bin"/>
    <property name="sun.java.command" value="C:\Users\plver\AppData\Local\Temp\surefire14722379927927048167\surefirebooter685970268260301163.jar C:\Users\plver\AppData\Local\Temp\surefire14722379927927048167 2021-04-18T21-28-58_915-jvmRun1 surefire15321274943778446456tmp surefire_01061278433084510010tmp"/>
    <property name="jdk.debug" value="release"/>
    <property name="surefire.test.class.path" value="C:\Payal_Office\GIT\apptnt-tester\target\test-classes;C:\Payal_Office\GIT\apptnt-tester\target\classes;C:\Users\plver\.m2\repository\io\rest-assured\rest-assured\4.3.0\rest-assured-4.3.0.jar;C:\Users\plver\.m2\repository\org\codehaus\groovy\groovy\3.0.2\groovy-3.0.2.jar;C:\Users\plver\.m2\repository\org\codehaus\groovy\groovy-xml\3.0.2\groovy-xml-3.0.2.jar;C:\Users\plver\.m2\repository\org\apache\httpcomponents\httpclient\4.5.3\httpclient-4.5.3.jar;C:\Users\plver\.m2\repository\org\apache\httpcomponents\httpcore\4.4.6\httpcore-4.4.6.jar;C:\Users\plver\.m2\repository\commons-logging\commons-logging\1.2\commons-logging-1.2.jar;C:\Users\plver\.m2\repository\commons-codec\commons-codec\1.9\commons-codec-1.9.jar;C:\Users\plver\.m2\repository\org\apache\httpcomponents\httpmime\4.5.3\httpmime-4.5.3.jar;C:\Users\plver\.m2\repository\org\hamcrest\hamcrest\2.1\hamcrest-2.1.jar;C:\Users\plver\.m2\repository\org\ccil\cowan\tagsoup\tagsoup\1.2.1\tagsoup-1.2.1.jar;C:\Users\plver\.m2\repository\io\rest-assured\json-path\4.3.0\json-path-4.3.0.jar;C:\Users\plver\.m2\repository\org\codehaus\groovy\groovy-json\3.0.2\groovy-json-3.0.2.jar;C:\Users\plver\.m2\repository\io\rest-assured\rest-assured-common\4.3.0\rest-assured-common-4.3.0.jar;C:\Users\plver\.m2\repository\io\rest-assured\xml-path\4.3.0\xml-path-4.3.0.jar;C:\Users\plver\.m2\repository\org\apache\commons\commons-lang3\3.4\commons-lang3-3.4.jar;C:\Users\plver\.m2\repository\jakarta\xml\bind\jakarta.xml.bind-api\2.3.2\jakarta.xml.bind-api-2.3.2.jar;C:\Users\plver\.m2\repository\jakarta\activation\jakarta.activation-api\1.2.1\jakarta.activation-api-1.2.1.jar;C:\Users\plver\.m2\repository\com\sun\xml\bind\jaxb-osgi\2.3.0.1\jaxb-osgi-2.3.0.1.jar;C:\Users\plver\.m2\repository\org\apache\sling\org.apache.sling.javax.activation\0.1.0\org.apache.sling.javax.activation-0.1.0.jar;C:\Users\plver\.m2\repository\org\testng\testng\7.1.0\testng-7.1.0.jar;C:\Users\plver\.m2\repository\com\beust\jcommander\1.72\jcommander-1.72.jar;C:\Users\plver\.m2\repository\com\google\inject\guice\4.1.0\guice-4.1.0-no_aop.jar;C:\Users\plver\.m2\repository\javax\inject\javax.inject\1\javax.inject-1.jar;C:\Users\plver\.m2\repository\aopalliance\aopalliance\1.0\aopalliance-1.0.jar;C:\Users\plver\.m2\repository\com\google\guava\guava\19.0\guava-19.0.jar;C:\Users\plver\.m2\repository\org\yaml\snakeyaml\1.21\snakeyaml-1.21.jar;C:\Users\plver\.m2\repository\com\fasterxml\jackson\core\jackson-databind\2.9.5\jackson-databind-2.9.5.jar;C:\Users\plver\.m2\repository\com\fasterxml\jackson\core\jackson-annotations\2.9.0\jackson-annotations-2.9.0.jar;C:\Users\plver\.m2\repository\com\fasterxml\jackson\core\jackson-core\2.9.5\jackson-core-2.9.5.jar;C:\Users\plver\.m2\repository\javax\mail\mail\1.5.0-b01\mail-1.5.0-b01.jar;C:\Users\plver\.m2\repository\javax\activation\activation\1.1\activation-1.1.jar;C:\Users\plver\.m2\repository\commons-io\commons-io\2.4\commons-io-2.4.jar;C:\Users\plver\.m2\repository\org\apache\maven\surefire\surefire-testng-utils\2.21.0\surefire-testng-utils-2.21.0.jar;C:\Users\plver\.m2\repository\org\apache\maven\surefire\surefire-grouper\2.21.0\surefire-grouper-2.21.0.jar;"/>
    <property name="sun.cpu.endian" value="little"/>
    <property name="user.home" value="C:\Users\plver"/>
    <property name="user.language" value="en"/>
    <property name="java.specification.vendor" value="Oracle Corporation"/>
    <property name="java.version.date" value="2020-07-14"/>
    <property name="java.home" value="C:\Program Files\Java\jdk-14.0.2"/>
    <property name="file.separator" value="\"/>
    <property name="basedir" value="C:\Payal_Office\GIT\apptnt-tester"/>
    <property name="java.vm.compressedOopsMode" value="Zero based"/>
    <property name="line.separator" value="&#10;"/>
    <property name="java.specification.name" value="Java Platform API Specification"/>
    <property name="java.vm.specification.vendor" value="Oracle Corporation"/>
    <property name="surefire.real.class.path" value="C:\Users\plver\AppData\Local\Temp\surefire14722379927927048167\surefirebooter685970268260301163.jar"/>
    <property name="user.script" value=""/>
    <property name="sun.management.compiler" value="HotSpot 64-Bit Tiered Compilers"/>
    <property name="java.runtime.version" value="14.0.2+12-46"/>
    <property name="user.name" value="plver"/>
    <property name="path.separator" value=";"/>
    <property name="os.version" value="10.0"/>
    <property name="java.runtime.name" value="Java(TM) SE Runtime Environment"/>
    <property name="file.encoding" value="Cp1252"/>
    <property name="java.vm.name" value="Java HotSpot(TM) 64-Bit Server VM"/>
    <property name="localRepository" value="C:\Users\plver\.m2\repository"/>
    <property name="java.vendor.url.bug" value="https://bugreport.java.com/bugreport/"/>
    <property name="java.io.tmpdir" value="C:\Users\plver\AppData\Local\Temp\"/>
    <property name="java.version" value="14.0.2"/>
    <property name="user.dir" value="C:\Payal_Office\GIT\apptnt-tester"/>
    <property name="os.arch" value="amd64"/>
    <property name="java.vm.specification.name" value="Java Virtual Machine Specification"/>
    <property name="sun.os.patch.level" value=""/>
    <property name="java.library.path" value="C:\Program Files\Java\jdk-14.0.2\bin;C:\WINDOWS\Sun\Java\bin;C:\WINDOWS\system32;C:\WINDOWS;C:/Program Files/Java/jdk-14.0.2/bin/server;C:/Program Files/Java/jdk-14.0.2/bin;C:\Program Files\Java\java\bin;C:\WINDOWS\system32;C:\WINDOWS;C:\WINDOWS\System32\Wbem;C:\WINDOWS\System32\WindowsPowerShell\v1.0\;C:\WINDOWS\System32\OpenSSH\;C:\Windows\System32;C:\Payal_Office\Payal ofc\chromedriver_win32;C:\Program Files\dotnet\;C:\Payal_Office\apache-maven-3.6.3-bin\apache-maven-3.6.3\bin;C:\Program Files\Git\cmd;C:\Users\plver\AppData\Local\Programs\Python\Python38-32\Scripts\;C:\Users\plver\AppData\Local\Programs\Python\Python38-32\;C:\Program Files\Java\java\bin\;C:\Android\platform-tools;C:\Users\plver\AppData\Local\Microsoft\WindowsApps;C:\Users\plver\.dotnet\tools;;C:\WINDOWS\System32;;."/>
    <property name="java.vm.info" value="mixed mode, sharing"/>
    <property name="java.vendor" value="Oracle Corporation"/>
    <property name="java.vm.version" value="14.0.2+12-46"/>
    <property name="sun.io.unicode.encoding" value="UnicodeLittle"/>
    <property name="java.class.version" value="58.0"/>
  </properties>
  <testcase name="createNewSalesOrder" classname="copperwire.io.tnt.orders.CreateSalesOrderAndVerifyOrdersTest" time="0.796">
    <failure message="1 expectation failed.&#10;Expected status code &lt;201&gt; but was &lt;403&gt;.&#10;" type="java.lang.AssertionError"><![CDATA[java.lang.AssertionError: 
1 expectation failed.
Expected status code <201> but was <403>.

	at copperwire.io.tnt.orders.CreateSalesOrderAndVerifyOrdersTest.createNewSalesOrder(CreateSalesOrderAndVerifyOrdersTest.java:52)
]]></failure>
    <system-out><![CDATA[Executing Test Class : <CreateSalesOrderTest>
Executing Test Class : <GetAllOrdersTest>
Executing Test Class : <GetOrderByIdTest>
Order id : 229
]]></system-out>
  </testcase>
  <testcase name="createPallets" classname="copperwire.io.tnt.orders.CreateSalesOrderAndVerifyOrdersTest" time="0.051">
    <failure type="java.lang.NullPointerException">java.lang.NullPointerException
	at copperwire.io.tnt.orders.CreateSalesOrderAndVerifyOrdersTest.createPallets(CreateSalesOrderAndVerifyOrdersTest.java:95)
</failure>
  </testcase>
  <testcase name="savepalletinBlockchain" classname="copperwire.io.tnt.orders.CreateSalesOrderAndVerifyOrdersTest" time="4.304">
    <failure message="1 expectation failed.&#10;Expected status code &lt;200&gt; but was &lt;500&gt;.&#10;" type="java.lang.AssertionError"><![CDATA[java.lang.AssertionError: 
1 expectation failed.
Expected status code <200> but was <500>.

	at copperwire.io.tnt.orders.CreateSalesOrderAndVerifyOrdersTest.savepalletinBlockchain(CreateSalesOrderAndVerifyOrdersTest.java:107)
]]></failure>
  </testcase>
  <testcase name="createRfq" classname="copperwire.io.tnt.orders.CreateSalesOrderAndVerifyOrdersTest" time="0.009">
    <failure type="java.lang.NullPointerException">java.lang.NullPointerException
	at copperwire.io.tnt.orders.CreateSalesOrderAndVerifyOrdersTest.createRfq(CreateSalesOrderAndVerifyOrdersTest.java:154)
</failure>
  </testcase>
  <testcase name="getOrderDetails" classname="copperwire.io.tnt.orders.CreateSalesOrderAndVerifyOrdersTest" time="3.708">
    <failure message="1 expectation failed.&#10;Expected status code &lt;200&gt; but was &lt;500&gt;.&#10;" type="java.lang.AssertionError"><![CDATA[java.lang.AssertionError: 
1 expectation failed.
Expected status code <200> but was <500>.

	at copperwire.io.tnt.orders.CreateSalesOrderAndVerifyOrdersTest.getOrderDetails(CreateSalesOrderAndVerifyOrdersTest.java:163)
]]></failure>
  </testcase>
  <testcase name="getRfqDetails" classname="copperwire.io.tnt.orders.CreateSalesOrderAndVerifyOrdersTest" time="0.717">
    <failure message="1 expectation failed.&#10;Expected status code &lt;200&gt; but was &lt;500&gt;.&#10;" type="java.lang.AssertionError"><![CDATA[java.lang.AssertionError: 
1 expectation failed.
Expected status code <200> but was <500>.

	at copperwire.io.tnt.orders.CreateSalesOrderAndVerifyOrdersTest.getRfqDetails(CreateSalesOrderAndVerifyOrdersTest.java:178)
]]></failure>
  </testcase>
  <testcase name="bookRfq" classname="copperwire.io.tnt.orders.CreateSalesOrderAndVerifyOrdersTest" time="0.699">
    <failure message="1 expectation failed.&#10;Expected status code &lt;201&gt; but was &lt;403&gt;.&#10;" type="java.lang.AssertionError"><![CDATA[java.lang.AssertionError: 
1 expectation failed.
Expected status code <201> but was <403>.

	at copperwire.io.tnt.orders.CreateSalesOrderAndVerifyOrdersTest.bookRfq(CreateSalesOrderAndVerifyOrdersTest.java:206)
]]></failure>
  </testcase>
  <testcase name="getOrderDetailsForQuotation" classname="copperwire.io.tnt.orders.CreateSalesOrderAndVerifyOrdersTest" time="3.455">
    <failure message="1 expectation failed.&#10;Expected status code &lt;200&gt; but was &lt;500&gt;.&#10;" type="java.lang.AssertionError"><![CDATA[java.lang.AssertionError: 
1 expectation failed.
Expected status code <200> but was <500>.

	at copperwire.io.tnt.orders.CreateSalesOrderAndVerifyOrdersTest.getOrderDetailsForQuotation(CreateSalesOrderAndVerifyOrdersTest.java:219)
]]></failure>
  </testcase>
  <testcase name="pickUpAndShip" classname="copperwire.io.tnt.orders.CreateSalesOrderAndVerifyOrdersTest" time="0.009">
    <failure type="java.lang.NullPointerException">java.lang.NullPointerException
	at copperwire.io.tnt.orders.CreateSalesOrderAndVerifyOrdersTest.pickUpAndShip(CreateSalesOrderAndVerifyOrdersTest.java:246)
</failure>
  </testcase>
  <testcase name="doCustomerFeedback" classname="copperwire.io.tnt.orders.CreateSalesOrderAndVerifyOrdersTest" time="0.007">
    <failure type="java.lang.NullPointerException">java.lang.NullPointerException
	at copperwire.io.tnt.orders.CreateSalesOrderAndVerifyOrdersTest.doCustomerFeedback(CreateSalesOrderAndVerifyOrdersTest.java:270)
</failure>
  </testcase>
  <testcase name="getOrderDetailsForPickupShipDetails" classname="copperwire.io.tnt.orders.CreateSalesOrderAndVerifyOrdersTest" time="3.625">
    <failure message="1 expectation failed.&#10;Expected status code &lt;200&gt; but was &lt;500&gt;.&#10;" type="java.lang.AssertionError"><![CDATA[java.lang.AssertionError: 
1 expectation failed.
Expected status code <200> but was <500>.

	at copperwire.io.tnt.orders.CreateSalesOrderAndVerifyOrdersTest.getOrderDetailsForPickupShipDetails(CreateSalesOrderAndVerifyOrdersTest.java:280)
]]></failure>
  </testcase>
  <testcase name="invoce" classname="copperwire.io.tnt.orders.CreateSalesOrderAndVerifyOrdersTest" time="0.026">
    <failure type="java.lang.NullPointerException">java.lang.NullPointerException
	at copperwire.io.tnt.orders.CreateSalesOrderAndVerifyOrdersTest.invoce(CreateSalesOrderAndVerifyOrdersTest.java:313)
</failure>
  </testcase>
  <testcase name="fetchOrderById" classname="copperwire.io.tnt.orders.CreateSalesOrderAndVerifyOrdersTest" time="3.814">
    <failure message="1 expectation failed.&#10;Expected status code &lt;200&gt; but was &lt;500&gt;.&#10;" type="java.lang.AssertionError"><![CDATA[java.lang.AssertionError: 
1 expectation failed.
Expected status code <200> but was <500>.

	at copperwire.io.tnt.orders.CreateSalesOrderAndVerifyOrdersTest.fetchOrderById(CreateSalesOrderAndVerifyOrdersTest.java:328)
]]></failure>
  </testcase>
  <testcase name="fetchProductDetailsById" classname="copperwire.io.tnt.orders.CreateSalesOrderAndVerifyOrdersTest" time="0.963"/>
  <testcase name="verifyInspectAndPack" classname="copperwire.io.tnt.orders.CreateSalesOrderAndVerifyOrdersTest" time="0.752"/>
  <testcase name="inspect_Pack_Validate" classname="copperwire.io.tnt.orders.CreateSalesOrderAndVerifyOrdersTest" time="33.87">
    <failure message="1 expectation failed.&#10;Expected status code &lt;200&gt; but was &lt;500&gt;.&#10;" type="java.lang.AssertionError"><![CDATA[java.lang.AssertionError: 
1 expectation failed.
Expected status code <200> but was <500>.

	at copperwire.io.tnt.orders.CreateSalesOrderAndVerifyOrdersTest.inspect_Pack_Validate(CreateSalesOrderAndVerifyOrdersTest.java:373)
]]></failure>
  </testcase>
  <testcase name="verifyRfq" classname="copperwire.io.tnt.orders.CreateSalesOrderAndVerifyOrdersTest" time="3.679">
    <failure message="1 expectation failed.&#10;Expected status code &lt;200&gt; but was &lt;500&gt;.&#10;" type="java.lang.AssertionError"><![CDATA[java.lang.AssertionError: 
1 expectation failed.
Expected status code <200> but was <500>.

	at copperwire.io.tnt.orders.CreateSalesOrderAndVerifyOrdersTest.verifyRfq(CreateSalesOrderAndVerifyOrdersTest.java:394)
]]></failure>
  </testcase>
  <testcase name="verifyBook" classname="copperwire.io.tnt.orders.CreateSalesOrderAndVerifyOrdersTest" time="4.368">
    <failure message="1 expectation failed.&#10;Expected status code &lt;200&gt; but was &lt;500&gt;.&#10;" type="java.lang.AssertionError"><![CDATA[java.lang.AssertionError: 
1 expectation failed.
Expected status code <200> but was <500>.

	at copperwire.io.tnt.orders.CreateSalesOrderAndVerifyOrdersTest.verifyBook(CreateSalesOrderAndVerifyOrdersTest.java:414)
]]></failure>
  </testcase>
  <testcase name="verifyPickupAndShip" classname="copperwire.io.tnt.orders.CreateSalesOrderAndVerifyOrdersTest" time="5.155">
    <failure message="1 expectation failed.&#10;Expected status code &lt;200&gt; but was &lt;500&gt;.&#10;" type="java.lang.AssertionError"><![CDATA[java.lang.AssertionError: 
1 expectation failed.
Expected status code <200> but was <500>.

	at copperwire.io.tnt.orders.CreateSalesOrderAndVerifyOrdersTest.verifyPickupAndShip(CreateSalesOrderAndVerifyOrdersTest.java:431)
]]></failure>
  </testcase>
  <testcase name="verifyInvoice" classname="copperwire.io.tnt.orders.CreateSalesOrderAndVerifyOrdersTest" time="3.819">
    <failure message="1 expectation failed.&#10;Expected status code &lt;200&gt; but was &lt;500&gt;.&#10;" type="java.lang.AssertionError"><![CDATA[java.lang.AssertionError: 
1 expectation failed.
Expected status code <200> but was <500>.

	at copperwire.io.tnt.orders.CreateSalesOrderAndVerifyOrdersTest.verifyInvoice(CreateSalesOrderAndVerifyOrdersTest.java:448)
]]></failure>
  </testcase>
  <testcase name="verifyCustomerAcceptance" classname="copperwire.io.tnt.orders.CreateSalesOrderAndVerifyOrdersTest" time="4.395">
    <failure message="1 expectation failed.&#10;Expected status code &lt;200&gt; but was &lt;500&gt;.&#10;" type="java.lang.AssertionError"><![CDATA[java.lang.AssertionError: 
1 expectation failed.
Expected status code <200> but was <500>.

	at copperwire.io.tnt.orders.CreateSalesOrderAndVerifyOrdersTest.verifyCustomerAcceptance(CreateSalesOrderAndVerifyOrdersTest.java:465)
]]></failure>
  </testcase>
  <testcase name="createNewSalesOrder" classname="copperwire.io.tnt.orders.CreateSalesOrderTest" time="0.902">
    <failure message="1 expectation failed.&#10;Expected status code &lt;201&gt; but was &lt;403&gt;.&#10;" type="java.lang.AssertionError"><![CDATA[java.lang.AssertionError: 
1 expectation failed.
Expected status code <201> but was <403>.

	at copperwire.io.tnt.orders.CreateSalesOrderTest.createNewSalesOrder(CreateSalesOrderTest.java:42)
]]></failure>
  </testcase>
  <testcase name="createPallets" classname="copperwire.io.tnt.orders.CreateSalesOrderTest" time="0.012">
    <failure type="java.lang.NullPointerException">java.lang.NullPointerException
	at copperwire.io.tnt.orders.CreateSalesOrderTest.createPallets(CreateSalesOrderTest.java:82)
</failure>
  </testcase>
  <testcase name="createRfq" classname="copperwire.io.tnt.orders.CreateSalesOrderTest" time="0.011">
    <failure type="java.lang.NullPointerException">java.lang.NullPointerException
	at copperwire.io.tnt.orders.CreateSalesOrderTest.createRfq(CreateSalesOrderTest.java:124)
</failure>
  </testcase>
  <testcase name="getOrderDetails" classname="copperwire.io.tnt.orders.CreateSalesOrderTest" time="5.008">
    <failure message="1 expectation failed.&#10;Expected status code &lt;200&gt; but was &lt;500&gt;.&#10;" type="java.lang.AssertionError"><![CDATA[java.lang.AssertionError: 
1 expectation failed.
Expected status code <200> but was <500>.

	at copperwire.io.tnt.orders.CreateSalesOrderTest.getOrderDetails(CreateSalesOrderTest.java:133)
]]></failure>
  </testcase>
  <testcase name="getRfqDetails" classname="copperwire.io.tnt.orders.CreateSalesOrderTest" time="0.921">
    <failure message="1 expectation failed.&#10;Expected status code &lt;200&gt; but was &lt;500&gt;.&#10;" type="java.lang.AssertionError"><![CDATA[java.lang.AssertionError: 
1 expectation failed.
Expected status code <200> but was <500>.

	at copperwire.io.tnt.orders.CreateSalesOrderTest.getRfqDetails(CreateSalesOrderTest.java:148)
]]></failure>
  </testcase>
  <testcase name="bookRfq" classname="copperwire.io.tnt.orders.CreateSalesOrderTest" time="0.803">
    <failure message="1 expectation failed.&#10;Expected status code &lt;201&gt; but was &lt;403&gt;.&#10;" type="java.lang.AssertionError"><![CDATA[java.lang.AssertionError: 
1 expectation failed.
Expected status code <201> but was <403>.

	at copperwire.io.tnt.orders.CreateSalesOrderTest.bookRfq(CreateSalesOrderTest.java:176)
]]></failure>
  </testcase>
  <testcase name="getOrderDetailsForQuotation" classname="copperwire.io.tnt.orders.CreateSalesOrderTest" time="4.435">
    <failure message="1 expectation failed.&#10;Expected status code &lt;200&gt; but was &lt;500&gt;.&#10;" type="java.lang.AssertionError"><![CDATA[java.lang.AssertionError: 
1 expectation failed.
Expected status code <200> but was <500>.

	at copperwire.io.tnt.orders.CreateSalesOrderTest.getOrderDetailsForQuotation(CreateSalesOrderTest.java:189)
]]></failure>
  </testcase>
  <testcase name="pickUpAndShip" classname="copperwire.io.tnt.orders.CreateSalesOrderTest" time="0.007">
    <failure type="java.lang.NullPointerException">java.lang.NullPointerException
	at copperwire.io.tnt.orders.CreateSalesOrderTest.pickUpAndShip(CreateSalesOrderTest.java:216)
</failure>
  </testcase>
  <testcase name="doCustomerFeedback" classname="copperwire.io.tnt.orders.CreateSalesOrderTest" time="0.007">
    <failure type="java.lang.NullPointerException">java.lang.NullPointerException
	at copperwire.io.tnt.orders.CreateSalesOrderTest.doCustomerFeedback(CreateSalesOrderTest.java:240)
</failure>
  </testcase>
  <testcase name="getOrderDetailsForPickupShipDetails" classname="copperwire.io.tnt.orders.CreateSalesOrderTest" time="4.179">
    <failure message="1 expectation failed.&#10;Expected status code &lt;200&gt; but was &lt;500&gt;.&#10;" type="java.lang.AssertionError"><![CDATA[java.lang.AssertionError: 
1 expectation failed.
Expected status code <200> but was <500>.

	at copperwire.io.tnt.orders.CreateSalesOrderTest.getOrderDetailsForPickupShipDetails(CreateSalesOrderTest.java:250)
]]></failure>
  </testcase>
  <testcase name="invoce" classname="copperwire.io.tnt.orders.CreateSalesOrderTest" time="0.006">
    <failure type="java.lang.NullPointerException">java.lang.NullPointerException
	at copperwire.io.tnt.orders.CreateSalesOrderTest.invoce(CreateSalesOrderTest.java:283)
</failure>
  </testcase>
  <testcase name="fetchAllOrders" classname="copperwire.io.tnt.orders.GetAllOrdersTest" time="2.307"/>
  <testcase name="fetchOrderById" classname="copperwire.io.tnt.orders.GetOrderByIdTest" time="4.29">
    <failure message="1 expectation failed.&#10;Expected status code &lt;200&gt; but was &lt;500&gt;.&#10;" type="java.lang.AssertionError"><![CDATA[java.lang.AssertionError: 
1 expectation failed.
Expected status code <200> but was <500>.

	at copperwire.io.tnt.orders.GetOrderByIdTest.fetchOrderById(GetOrderByIdTest.java:64)
]]></failure>
  </testcase>
  <testcase name="fetchProductDetailsById" classname="copperwire.io.tnt.orders.GetOrderByIdTest" time="0">
    <skipped message="Method GetOrderByIdTest.fetchProductDetailsById()[pri:1, instance:copperwire.io.tnt.orders.GetOrderByIdTest@4f51b3e0] depends on not successfully finished methods"/>
  </testcase>
  <testcase name="verifyInspectAndPack" classname="copperwire.io.tnt.orders.GetOrderByIdTest" time="0.692"/>
  <testcase name="verifyRfq" classname="copperwire.io.tnt.orders.GetOrderByIdTest" time="3.296">
    <failure message="1 expectation failed.&#10;Expected status code &lt;200&gt; but was &lt;500&gt;.&#10;" type="java.lang.AssertionError"><![CDATA[java.lang.AssertionError: 
1 expectation failed.
Expected status code <200> but was <500>.

	at copperwire.io.tnt.orders.GetOrderByIdTest.verifyRfq(GetOrderByIdTest.java:106)
]]></failure>
  </testcase>
  <testcase name="verifyBook" classname="copperwire.io.tnt.orders.GetOrderByIdTest" time="4.299">
    <failure message="1 expectation failed.&#10;Expected status code &lt;200&gt; but was &lt;500&gt;.&#10;" type="java.lang.AssertionError"><![CDATA[java.lang.AssertionError: 
1 expectation failed.
Expected status code <200> but was <500>.

	at copperwire.io.tnt.orders.GetOrderByIdTest.verifyBook(GetOrderByIdTest.java:124)
]]></failure>
  </testcase>
  <testcase name="verifyPickupAndShip" classname="copperwire.io.tnt.orders.GetOrderByIdTest" time="3.786">
    <failure message="1 expectation failed.&#10;Expected status code &lt;200&gt; but was &lt;500&gt;.&#10;" type="java.lang.AssertionError"><![CDATA[java.lang.AssertionError: 
1 expectation failed.
Expected status code <200> but was <500>.

	at copperwire.io.tnt.orders.GetOrderByIdTest.verifyPickupAndShip(GetOrderByIdTest.java:141)
]]></failure>
  </testcase>
  <testcase name="verifyCustomerAcceptance" classname="copperwire.io.tnt.orders.GetOrderByIdTest" time="4.758">
    <failure message="1 expectation failed.&#10;Expected status code &lt;200&gt; but was &lt;500&gt;.&#10;" type="java.lang.AssertionError"><![CDATA[java.lang.AssertionError: 
1 expectation failed.
Expected status code <200> but was <500>.

	at copperwire.io.tnt.orders.GetOrderByIdTest.verifyCustomerAcceptance(GetOrderByIdTest.java:158)
]]></failure>
  </testcase>
  <testcase name="verifyInvoice" classname="copperwire.io.tnt.orders.GetOrderByIdTest" time="4.94">
    <failure message="1 expectation failed.&#10;Expected status code &lt;200&gt; but was &lt;500&gt;.&#10;" type="java.lang.AssertionError"><![CDATA[java.lang.AssertionError: 
1 expectation failed.
Expected status code <200> but was <500>.

	at copperwire.io.tnt.orders.GetOrderByIdTest.verifyInvoice(GetOrderByIdTest.java:175)
]]></failure>
  </testcase>
  <testcase name="doLogIn" classname="copperwire.io.tnt.orders.LogInTest" time="0.872"/>
</testsuite>